Configuring language-glsl-0.2.1...
Preprocessing library for language-glsl-0.2.1..
Building library for language-glsl-0.2.1..
[1 of 4] Compiling Language.GLSL.Syntax ( Language\GLSL\Syntax.hs, .stack-work\dist\5c8418a7\build\Language\GLSL\Syntax.o )
[2 of 4] Compiling Language.GLSL.Pretty ( Language\GLSL\Pretty.hs, .stack-work\dist\5c8418a7\build\Language\GLSL\Pretty.o )
[3 of 4] Compiling Language.GLSL.Parser ( Language\GLSL\Parser.hs, .stack-work\dist\5c8418a7\build\Language\GLSL\Parser.o )

[;1mLanguage\GLSL\Parser.hs:202:3: [;1m[35mwarning:[0m[0m[;1m [[;1m[35m-Wunused-matches[0m[0m[;1m][0m[0m[;1m
    Defined but not used: `m'[0m[0m
[;1m[34m    |[0m[0m
[;1m[34m202 |[0m[0m   [;1m[35mm[0m[0m <- optionMaybe $ oneOf "Uu" -- TODO
[;1m[34m    |[0m[0m[;1m[35m   ^[0m[0m
[0m[0m[0m
[;1mLanguage\GLSL\Parser.hs:209:3: [;1m[35mwarning:[0m[0m[;1m [[;1m[35m-Wunused-matches[0m[0m[;1m][0m[0m[;1m
    Defined but not used: `m'[0m[0m
[;1m[34m    |[0m[0m
[;1m[34m209 |[0m[0m   [;1m[35mm[0m[0m <- optionMaybe $ oneOf "Uu" -- TODO
[;1m[34m    |[0m[0m[;1m[35m   ^[0m[0m
[0m[0m[0m
[;1mLanguage\GLSL\Parser.hs:219:3: [;1m[35mwarning:[0m[0m[;1m [[;1m[35m-Wunused-matches[0m[0m[;1m][0m[0m[;1m
    Defined but not used: `m'[0m[0m
[;1m[34m    |[0m[0m
[;1m[34m219 |[0m[0m   [;1m[35mm[0m[0m <- optionMaybe $ oneOf "Uu" -- TODO
[;1m[34m    |[0m[0m[;1m[35m   ^[0m[0m
[0m[0m[0m
[;1mLanguage\GLSL\Parser.hs:226:3: [;1m[35mwarning:[0m[0m[;1m [[;1m[35m-Wunused-matches[0m[0m[;1m][0m[0m[;1m
    Defined but not used: `m'[0m[0m
[;1m[34m    |[0m[0m
[;1m[34m226 |[0m[0m   [;1m[35mm[0m[0m <- optionMaybe $ oneOf "Ff" -- TODO
[;1m[34m    |[0m[0m[;1m[35m   ^[0m[0m
[0m[0m[0m
[;1mLanguage\GLSL\Parser.hs:236:3: [;1m[35mwarning:[0m[0m[;1m [[;1m[35m-Wunused-matches[0m[0m[;1m][0m[0m[;1m
    Defined but not used: `m'[0m[0m
[;1m[34m    |[0m[0m
[;1m[34m236 |[0m[0m   [;1m[35mm[0m[0m <- optionMaybe $ oneOf "Ff" -- TODO
[;1m[34m    |[0m[0m[;1m[35m   ^[0m[0m
[0m[0m[0m
[;1mLanguage\GLSL\Parser.hs:244:3: [;1m[35mwarning:[0m[0m[;1m [[;1m[35m-Wunused-matches[0m[0m[;1m][0m[0m[;1m
    Defined but not used: `m'[0m[0m
[;1m[34m    |[0m[0m
[;1m[34m244 |[0m[0m   [;1m[35mm[0m[0m <- optionMaybe $ oneOf "Ff"
[;1m[34m    |[0m[0m[;1m[35m   ^[0m[0m
[0m[0m[0m[4 of 4] Compiling Language.GLSL    ( Language\GLSL.hs, .stack-work\dist\5c8418a7\build\Language\GLSL.o )
Preprocessing executable 'glsl-pprint' for language-glsl-0.2.1..
Building executable 'glsl-pprint' for language-glsl-0.2.1..
[1 of 1] Compiling Main             ( bin\glsl-pprint.hs, .stack-work\dist\5c8418a7\build\glsl-pprint\glsl-pprint-tmp\Main.o )
Linking .stack-work\dist\5c8418a7\build\glsl-pprint\glsl-pprint.exe ...
Installing library in C:\sr\snapshots\128c520b\lib\x86_64-windows-ghc-8.2.2\language-glsl-0.2.1-B17jnRqrFHRJKK2e7nuRpa
Installing executable glsl-pprint in C:\sr\snapshots\128c520b\bin
Registering library for language-glsl-0.2.1..
